0 info it worked if it ends with ok
1 verbose cli [ 'node', '/usr/local/bin/npm', 'start' ]
2 info using npm@2.14.2
3 info using node@v0.12.7
4 verbose node symlink /usr/local/bin/node
5 verbose run-script [ 'prestart', 'start', 'poststart' ]
6 info prestart nlp_project@0.1.0
7 info start nlp_project@0.1.0
8 verbose unsafe-perm in lifecycle true
9 info nlp_project@0.1.0 Failed to exec start script
10 verbose stack Error: nlp_project@0.1.0 start: `./index.js`
10 verbose stack Exit status 2
10 verbose stack     at EventEmitter.<anonymous> (/usr/local/lib/node_modules/npm/lib/utils/lifecycle.js:214:16)
10 verbose stack     at EventEmitter.emit (events.js:110:17)
10 verbose stack     at ChildProcess.<anonymous> (/usr/local/lib/node_modules/npm/lib/utils/spawn.js:24:14)
10 verbose stack     at ChildProcess.emit (events.js:110:17)
10 verbose stack     at maybeClose (child_process.js:1015:16)
10 verbose stack     at Process.ChildProcess._handle.onexit (child_process.js:1087:5)
11 verbose pkgid nlp_project@0.1.0
12 verbose cwd /Users/saraidominguez/Desktop/JavaScript_DA/Project/nlp_project
13 error Darwin 13.4.0
14 error argv "node" "/usr/local/bin/npm" "start"
15 error node v0.12.7
16 error npm  v2.14.2
17 error code ELIFECYCLE
18 error nlp_project@0.1.0 start: `./index.js`
18 error Exit status 2
19 error Failed at the nlp_project@0.1.0 start script './index.js'.
19 error This is most likely a problem with the nlp_project package,
19 error not with npm itself.
19 error Tell the author that this fails on your system:
19 error     ./index.js
19 error You can get their info via:
19 error     npm owner ls nlp_project
19 error There is likely additional logging output above.
20 verbose exit [ 1, true ]
